<?xml version="1.0" encoding="UTF-8"?>
<testng-results ignored="6" total="9" passed="1" failed="2" skipped="0">
  <reporter-output>
  </reporter-output>
  <suite started-at="2022-12-15T20:21:12 IST" name="Suite" finished-at="2022-12-15T20:22:43 IST" duration-ms="90933">
    <groups>
      <group name="regression">
        <method signature="ExtentReportIntegration.TestFaceBook()[pri:0, instance:com.test.extentreport.ExtentReportIntegration@397fbdb]" name="TestFaceBook" class="com.test.extentreport.ExtentReportIntegration"/>
        <method signature="ExtentReportIntegration.OrangeHRM()[pri:0, instance:com.test.extentreport.ExtentReportIntegration@74235045]" name="OrangeHRM" class="com.test.extentreport.ExtentReportIntegration"/>
      </group> <!-- regression -->
      <group name="smoke">
        <method signature="ExtentReportIntegration.TestGoogle()[pri:0, instance:com.test.extentreport.ExtentReportIntegration@67c27493]" name="TestGoogle" class="com.test.extentreport.ExtentReportIntegration"/>
        <method signature="ExtentReportIntegration.TestFaceBook()[pri:0, instance:com.test.extentreport.ExtentReportIntegration@397fbdb]" name="TestFaceBook" class="com.test.extentreport.ExtentReportIntegration"/>
        <method signature="ExtentReportIntegration.OrangeHRM()[pri:0, instance:com.test.extentreport.ExtentReportIntegration@74235045]" name="OrangeHRM" class="com.test.extentreport.ExtentReportIntegration"/>
      </group> <!-- smoke -->
      <group name="sanity">
        <method signature="ExtentReportIntegration.OrangeHRM()[pri:0, instance:com.test.extentreport.ExtentReportIntegration@74235045]" name="OrangeHRM" class="com.test.extentreport.ExtentReportIntegration"/>
      </group> <!-- sanity -->
    </groups>
    <test started-at="2022-12-15T20:21:12 IST" name="Test Google" finished-at="2022-12-15T20:21:45 IST" duration-ms="33242">
      <class name="com.test.extentreport.ExtentReportIntegration">
        <test-method is-config="true" signature="SetUp(org.testng.ITestContext,java.lang.String)[pri:0, instance:com.test.extentreport.ExtentReportIntegration@67c27493]" started-at="2022-12-15T20:21:12 IST" name="SetUp" finished-at="2022-12-15T20:21:29 IST" duration-ms="16846" status="PASS">
          <params>
            <param index="0">
              <value>
                <![CDATA[org.testng.TestRunner@1310fcb0]]>
              </value>
            </param>
            <param index="1">
              <value>
                <![CDATA[Chrome]]>
              </value>
            </param>
          </params>
          <reporter-output>
          </reporter-output>
        </test-method> <!-- SetUp -->
        <test-method signature="TestGoogle()[pri:0, instance:com.test.extentreport.ExtentReportIntegration@67c27493]" started-at="2022-12-15T20:21:29 IST" name="TestGoogle" finished-at="2022-12-15T20:21:39 IST" duration-ms="9990" status="PASS">
          <reporter-output>
          </reporter-output>
        </test-method> <!-- TestGoogle -->
        <test-method is-config="true" signature="CheckStatus(java.lang.reflect.Method,org.testng.ITestResult)[pri:0, instance:com.test.extentreport.ExtentReportIntegration@67c27493]" started-at="2022-12-15T20:21:39 IST" name="CheckStatus" finished-at="2022-12-15T20:21:39 IST" duration-ms="3" status="PASS">
          <params>
            <param index="0">
              <value>
                <![CDATA[public void com.test.extentreport.ExtentReportIntegration.TestGoogle() throws java.lang.InterruptedException]]>
              </value>
            </param>
            <param index="1">
              <value>
                <![CDATA[[TestResult name=TestGoogle status=SUCCESS method=ExtentReportIntegration.TestGoogle()[pri:0, instance:com.test.extentreport.ExtentReportIntegration@67c27493] output={null}]]]>
              </value>
            </param>
          </params>
          <reporter-output>
          </reporter-output>
        </test-method> <!-- CheckStatus -->
        <test-method is-config="true" signature="ScreenshotCapture(org.testng.ITestResult)[pri:0, instance:com.test.extentreport.ExtentReportIntegration@67c27493]" started-at="2022-12-15T20:21:39 IST" name="ScreenshotCapture" finished-at="2022-12-15T20:21:39 IST" duration-ms="0" status="PASS">
          <params>
            <param index="0">
              <value>
                <![CDATA[[TestResult name=TestGoogle status=SUCCESS method=ExtentReportIntegration.TestGoogle()[pri:0, instance:com.test.extentreport.ExtentReportIntegration@67c27493] output={null}]]]>
              </value>
            </param>
          </params>
          <reporter-output>
          </reporter-output>
        </test-method> <!-- ScreenshotCapture -->
        <test-method is-config="true" signature="teardown()[pri:0, instance:com.test.extentreport.ExtentReportIntegration@67c27493]" started-at="2022-12-15T20:21:39 IST" name="teardown" finished-at="2022-12-15T20:21:45 IST" duration-ms="6288" status="PASS">
          <reporter-output>
          </reporter-output>
        </test-method> <!-- teardown -->
      </class> <!-- com.test.extentreport.ExtentReportIntegration -->
    </test> <!-- Test Google -->
    <test started-at="2022-12-15T20:21:46 IST" name="Test FaceBook" finished-at="2022-12-15T20:22:24 IST" duration-ms="38589">
      <class name="com.test.extentreport.ExtentReportIntegration">
        <test-method is-config="true" signature="SetUp(org.testng.ITestContext,java.lang.String)[pri:0, instance:com.test.extentreport.ExtentReportIntegration@397fbdb]" started-at="2022-12-15T20:21:46 IST" name="SetUp" finished-at="2022-12-15T20:22:00 IST" duration-ms="14421" status="PASS">
          <params>
            <param index="0">
              <value>
                <![CDATA[org.testng.TestRunner@35787726]]>
              </value>
            </param>
            <param index="1">
              <value>
                <![CDATA[Edge]]>
              </value>
            </param>
          </params>
          <reporter-output>
          </reporter-output>
        </test-method> <!-- SetUp -->
        <test-method signature="TestFaceBook()[pri:0, instance:com.test.extentreport.ExtentReportIntegration@397fbdb]" started-at="2022-12-15T20:22:00 IST" name="TestFaceBook" finished-at="2022-12-15T20:22:17 IST" duration-ms="17112" status="FAIL">
          <exception class="java.lang.AssertionError">
            <message>
              <![CDATA[The following asserts failed:
Title is Missmatced expected [Log in to Facebook] but found [Facebook – log in or sign up],
Username is Missmatced expected [wel] but found []]]>
            </message>
            <full-stacktrace>
              <![CDATA[java.lang.AssertionError: The following asserts failed:
Title is Missmatced expected [Log in to Facebook] but found [Facebook – log in or sign up],
Username is Missmatced expected [wel] but found []
at org.testng.asserts.SoftAssert.assertAll(SoftAssert.java:47)
at org.testng.asserts.SoftAssert.assertAll(SoftAssert.java:31)
at com.test.extentreport.ExtentReportIntegration.TestFaceBook(ExtentReportIntegration.java:68)
at java.base/jdk.internal.reflect.NativeMethodAccessorImpl.invoke0(Native Method)
at java.base/jdk.internal.reflect.NativeMethodAccessorImpl.invoke(NativeMethodAccessorImpl.java:64)
at java.base/jdk.internal.reflect.DelegatingMethodAccessorImpl.invoke(DelegatingMethodAccessorImpl.java:43)
at java.base/java.lang.reflect.Method.invoke(Method.java:564)
at org.testng.internal.MethodInvocationHelper.invokeMethod(MethodInvocationHelper.java:133)
at org.testng.internal.TestInvoker.invokeMethod(TestInvoker.java:598)
at org.testng.internal.TestInvoker.invokeTestMethod(TestInvoker.java:173)
at org.testng.internal.MethodRunner.runInSequence(MethodRunner.java:46)
at org.testng.internal.TestInvoker$MethodInvocationAgent.invoke(TestInvoker.java:824)
at org.testng.internal.TestInvoker.invokeTestMethods(TestInvoker.java:146)
at org.testng.internal.TestMethodWorker.invokeTestMethods(TestMethodWorker.java:146)
at org.testng.internal.TestMethodWorker.run(TestMethodWorker.java:128)
at java.base/java.util.ArrayList.forEach(ArrayList.java:1511)
at org.testng.TestRunner.privateRun(TestRunner.java:794)
at org.testng.TestRunner.run(TestRunner.java:596)
at org.testng.SuiteRunner.runTest(SuiteRunner.java:377)
at org.testng.SuiteRunner.runSequentially(SuiteRunner.java:371)
at org.testng.SuiteRunner.privateRun(SuiteRunner.java:332)
at org.testng.SuiteRunner.run(SuiteRunner.java:276)
at org.testng.SuiteRunnerWorker.runSuite(SuiteRunnerWorker.java:53)
at org.testng.SuiteRunnerWorker.run(SuiteRunnerWorker.java:96)
at org.testng.TestNG.runSuitesSequentially(TestNG.java:1212)
at org.testng.TestNG.runSuitesLocally(TestNG.java:1134)
at org.testng.TestNG.runSuites(TestNG.java:1063)
at org.testng.TestNG.run(TestNG.java:1031)
at org.testng.remote.AbstractRemoteTestNG.run(AbstractRemoteTestNG.java:115)
at org.testng.remote.RemoteTestNG.initAndRun(RemoteTestNG.java:251)
at org.testng.remote.RemoteTestNG.main(RemoteTestNG.java:77)
]]>
            </full-stacktrace>
          </exception> <!-- java.lang.AssertionError -->
          <reporter-output>
          </reporter-output>
        </test-method> <!-- TestFaceBook -->
        <test-method is-config="true" signature="CheckStatus(java.lang.reflect.Method,org.testng.ITestResult)[pri:0, instance:com.test.extentreport.ExtentReportIntegration@397fbdb]" started-at="2022-12-15T20:22:17 IST" name="CheckStatus" finished-at="2022-12-15T20:22:18 IST" duration-ms="605" status="PASS">
          <params>
            <param index="0">
              <value>
                <![CDATA[public void com.test.extentreport.ExtentReportIntegration.TestFaceBook() throws java.lang.InterruptedException]]>
              </value>
            </param>
            <param index="1">
              <value>
                <![CDATA[[TestResult name=TestFaceBook status=FAILURE method=ExtentReportIntegration.TestFaceBook()[pri:0, instance:com.test.extentreport.ExtentReportIntegration@397fbdb] output={null}]]]>
              </value>
            </param>
          </params>
          <reporter-output>
          </reporter-output>
        </test-method> <!-- CheckStatus -->
        <test-method is-config="true" signature="ScreenshotCapture(org.testng.ITestResult)[pri:0, instance:com.test.extentreport.ExtentReportIntegration@397fbdb]" started-at="2022-12-15T20:22:18 IST" name="ScreenshotCapture" finished-at="2022-12-15T20:22:18 IST" duration-ms="223" status="PASS">
          <params>
            <param index="0">
              <value>
                <![CDATA[[TestResult name=TestFaceBook status=FAILURE method=ExtentReportIntegration.TestFaceBook()[pri:0, instance:com.test.extentreport.ExtentReportIntegration@397fbdb] output={null}]]]>
              </value>
            </param>
          </params>
          <reporter-output>
          </reporter-output>
        </test-method> <!-- ScreenshotCapture -->
        <test-method is-config="true" signature="teardown()[pri:0, instance:com.test.extentreport.ExtentReportIntegration@397fbdb]" started-at="2022-12-15T20:22:18 IST" name="teardown" finished-at="2022-12-15T20:22:24 IST" duration-ms="6221" status="PASS">
          <reporter-output>
          </reporter-output>
        </test-method> <!-- teardown -->
      </class> <!-- com.test.extentreport.ExtentReportIntegration -->
    </test> <!-- Test FaceBook -->
    <test started-at="2022-12-15T20:22:24 IST" name="Test OrangeHRM " finished-at="2022-12-15T20:22:43 IST" duration-ms="18704">
      <class name="com.test.extentreport.ExtentReportIntegration">
        <test-method is-config="true" signature="InitializeExtentReports()[pri:0, instance:com.test.extentreport.ExtentReportIntegration@74235045]" started-at="2022-12-15T20:21:12 IST" name="InitializeExtentReports" finished-at="2022-12-15T20:21:12 IST" duration-ms="347" status="PASS">
          <reporter-output>
          </reporter-output>
        </test-method> <!-- InitializeExtentReports -->
        <test-method is-config="true" signature="SetUp(org.testng.ITestContext,java.lang.String)[pri:0, instance:com.test.extentreport.ExtentReportIntegration@74235045]" started-at="2022-12-15T20:22:24 IST" name="SetUp" finished-at="2022-12-15T20:22:27 IST" duration-ms="2859" status="PASS">
          <params>
            <param index="0">
              <value>
                <![CDATA[org.testng.TestRunner@2199e845]]>
              </value>
            </param>
            <param index="1">
              <value>
                <![CDATA[Edge]]>
              </value>
            </param>
          </params>
          <reporter-output>
          </reporter-output>
        </test-method> <!-- SetUp -->
        <test-method signature="OrangeHRM()[pri:0, instance:com.test.extentreport.ExtentReportIntegration@74235045]" started-at="2022-12-15T20:22:27 IST" name="OrangeHRM" finished-at="2022-12-15T20:22:38 IST" duration-ms="10397" status="FAIL">
          <exception class="org.openqa.selenium.NoSuchElementException">
            <message>
              <![CDATA[no such element: Unable to locate element: {"method":"css selector","selector":"*[name='username']"}
  (Session info: MicrosoftEdge=108.0.1462.46)
For documentation on this error, please visit: https://selenium.dev/exceptions/#no_such_element
Build info: version: '4.6.0', revision: '79f1c02ae20'
System info: os.name: 'Windows 10', os.arch: 'amd64', os.version: '10.0', java.version: '15'
Driver info: org.openqa.selenium.edge.EdgeDriver
Command: [0a1c6a21badb4d561a33e664b2ab32bd, findElement {using=name, value=username}]
Capabilities {acceptInsecureCerts: false, browserName: msedge, browserVersion: 108.0.1462.46, ms:edgeOptions: {debuggerAddress: localhost:58523}, msedge: {msedgedriverVersion: 108.0.1462.46 (d29728ee6817..., userDataDir: C:\Users\Hp\AppData\Local\T...}, networkConnectionEnabled: false, pageLoadStrategy: normal, platformName: WINDOWS, proxy: Proxy(), se:cdp: ws://localhost:58523/devtoo..., se:cdpVersion: 108.0.1462.46, setWindowRect: true, strictFileInteractability: false, timeouts: {implicit: 0, pageLoad: 300000, script: 30000}, unhandledPromptBehavior: dismiss and notify, webauthn:extension:credBlob: true, webauthn:extension:largeBlob: true, webauthn:virtualAuthenticators: true}
Session ID: 0a1c6a21badb4d561a33e664b2ab32bd]]>
            </message>
            <full-stacktrace>
              <![CDATA[org.openqa.selenium.NoSuchElementException: no such element: Unable to locate element: {"method":"css selector","selector":"*[name='username']"}
  (Session info: MicrosoftEdge=108.0.1462.46)
For documentation on this error, please visit: https://selenium.dev/exceptions/#no_such_element
Build info: version: '4.6.0', revision: '79f1c02ae20'
System info: os.name: 'Windows 10', os.arch: 'amd64', os.version: '10.0', java.version: '15'
Driver info: org.openqa.selenium.edge.EdgeDriver
Command: [0a1c6a21badb4d561a33e664b2ab32bd, findElement {using=name, value=username}]
Capabilities {acceptInsecureCerts: false, browserName: msedge, browserVersion: 108.0.1462.46, ms:edgeOptions: {debuggerAddress: localhost:58523}, msedge: {msedgedriverVersion: 108.0.1462.46 (d29728ee6817..., userDataDir: C:\Users\Hp\AppData\Local\T...}, networkConnectionEnabled: false, pageLoadStrategy: normal, platformName: WINDOWS, proxy: Proxy(), se:cdp: ws://localhost:58523/devtoo..., se:cdpVersion: 108.0.1462.46, setWindowRect: true, strictFileInteractability: false, timeouts: {implicit: 0, pageLoad: 300000, script: 30000}, unhandledPromptBehavior: dismiss and notify, webauthn:extension:credBlob: true, webauthn:extension:largeBlob: true, webauthn:virtualAuthenticators: true}
Session ID: 0a1c6a21badb4d561a33e664b2ab32bd
at java.base/jdk.internal.reflect.NativeConstructorAccessorImpl.newInstance0(Native Method)
at java.base/jdk.internal.reflect.NativeConstructorAccessorImpl.newInstance(NativeConstructorAccessorImpl.java:64)
at java.base/jdk.internal.reflect.DelegatingConstructorAccessorImpl.newInstance(DelegatingConstructorAccessorImpl.java:45)
at java.base/java.lang.reflect.Constructor.newInstanceWithCaller(Constructor.java:500)
at java.base/java.lang.reflect.Constructor.newInstance(Constructor.java:481)
at org.openqa.selenium.remote.codec.w3c.W3CHttpResponseCodec.createException(W3CHttpResponseCodec.java:200)
at org.openqa.selenium.remote.codec.w3c.W3CHttpResponseCodec.decode(W3CHttpResponseCodec.java:133)
at org.openqa.selenium.remote.codec.w3c.W3CHttpResponseCodec.decode(W3CHttpResponseCodec.java:53)
at org.openqa.selenium.remote.HttpCommandExecutor.execute(HttpCommandExecutor.java:184)
at org.openqa.selenium.remote.service.DriverCommandExecutor.invokeExecute(DriverCommandExecutor.java:167)
at org.openqa.selenium.remote.service.DriverCommandExecutor.execute(DriverCommandExecutor.java:142)
at org.openqa.selenium.remote.RemoteWebDriver.execute(RemoteWebDriver.java:541)
at org.openqa.selenium.remote.ElementLocation$ElementFinder$2.findElement(ElementLocation.java:162)
at org.openqa.selenium.remote.ElementLocation.findElement(ElementLocation.java:66)
at org.openqa.selenium.remote.RemoteWebDriver.findElement(RemoteWebDriver.java:365)
at org.openqa.selenium.remote.RemoteWebDriver.findElement(RemoteWebDriver.java:357)
at com.test.extentreport.ExtentReportIntegration.OrangeHRM(ExtentReportIntegration.java:78)
at java.base/jdk.internal.reflect.NativeMethodAccessorImpl.invoke0(Native Method)
at java.base/jdk.internal.reflect.NativeMethodAccessorImpl.invoke(NativeMethodAccessorImpl.java:64)
at java.base/jdk.internal.reflect.DelegatingMethodAccessorImpl.invoke(DelegatingMethodAccessorImpl.java:43)
at java.base/java.lang.reflect.Method.invoke(Method.java:564)
at org.testng.internal.MethodInvocationHelper.invokeMethod(MethodInvocationHelper.java:133)
at org.testng.internal.TestInvoker.invokeMethod(TestInvoker.java:598)
at org.testng.internal.TestInvoker.invokeTestMethod(TestInvoker.java:173)
at org.testng.internal.MethodRunner.runInSequence(MethodRunner.java:46)
at org.testng.internal.TestInvoker$MethodInvocationAgent.invoke(TestInvoker.java:824)
at org.testng.internal.TestInvoker.invokeTestMethods(TestInvoker.java:146)
at org.testng.internal.TestMethodWorker.invokeTestMethods(TestMethodWorker.java:146)
at org.testng.internal.TestMethodWorker.run(TestMethodWorker.java:128)
at java.base/java.util.ArrayList.forEach(ArrayList.java:1511)
at org.testng.TestRunner.privateRun(TestRunner.java:794)
at org.testng.TestRunner.run(TestRunner.java:596)
at org.testng.SuiteRunner.runTest(SuiteRunner.java:377)
at org.testng.SuiteRunner.runSequentially(SuiteRunner.java:371)
at org.testng.SuiteRunner.privateRun(SuiteRunner.java:332)
at org.testng.SuiteRunner.run(SuiteRunner.java:276)
at org.testng.SuiteRunnerWorker.runSuite(SuiteRunnerWorker.java:53)
at org.testng.SuiteRunnerWorker.run(SuiteRunnerWorker.java:96)
at org.testng.TestNG.runSuitesSequentially(TestNG.java:1212)
at org.testng.TestNG.runSuitesLocally(TestNG.java:1134)
at org.testng.TestNG.runSuites(TestNG.java:1063)
at org.testng.TestNG.run(TestNG.java:1031)
at org.testng.remote.AbstractRemoteTestNG.run(AbstractRemoteTestNG.java:115)
at org.testng.remote.RemoteTestNG.initAndRun(RemoteTestNG.java:251)
at org.testng.remote.RemoteTestNG.main(RemoteTestNG.java:77)
]]>
            </full-stacktrace>
          </exception> <!-- org.openqa.selenium.NoSuchElementException -->
          <reporter-output>
          </reporter-output>
        </test-method> <!-- OrangeHRM -->
        <test-method is-config="true" signature="CheckStatus(java.lang.reflect.Method,org.testng.ITestResult)[pri:0, instance:com.test.extentreport.ExtentReportIntegration@74235045]" started-at="2022-12-15T20:22:38 IST" name="CheckStatus" finished-at="2022-12-15T20:22:38 IST" duration-ms="479" status="PASS">
          <params>
            <param index="0">
              <value>
                <![CDATA[public void com.test.extentreport.ExtentReportIntegration.OrangeHRM() throws java.lang.InterruptedException]]>
              </value>
            </param>
            <param index="1">
              <value>
                <![CDATA[[TestResult name=OrangeHRM status=FAILURE method=ExtentReportIntegration.OrangeHRM()[pri:0, instance:com.test.extentreport.ExtentReportIntegration@74235045] output={null}]]]>
              </value>
            </param>
          </params>
          <reporter-output>
          </reporter-output>
        </test-method> <!-- CheckStatus -->
        <test-method is-config="true" signature="ScreenshotCapture(org.testng.ITestResult)[pri:0, instance:com.test.extentreport.ExtentReportIntegration@74235045]" started-at="2022-12-15T20:22:38 IST" name="ScreenshotCapture" finished-at="2022-12-15T20:22:40 IST" duration-ms="1876" status="PASS">
          <params>
            <param index="0">
              <value>
                <![CDATA[[TestResult name=OrangeHRM status=FAILURE method=ExtentReportIntegration.OrangeHRM()[pri:0, instance:com.test.extentreport.ExtentReportIntegration@74235045] output={null}]]]>
              </value>
            </param>
          </params>
          <reporter-output>
          </reporter-output>
        </test-method> <!-- ScreenshotCapture -->
        <test-method is-config="true" signature="teardown()[pri:0, instance:com.test.extentreport.ExtentReportIntegration@74235045]" started-at="2022-12-15T20:22:40 IST" name="teardown" finished-at="2022-12-15T20:22:43 IST" duration-ms="3079" status="PASS">
          <reporter-output>
          </reporter-output>
        </test-method> <!-- teardown -->
        <test-method is-config="true" signature="GenerateExtentReports()[pri:0, instance:com.test.extentreport.ExtentReportIntegration@74235045]" started-at="2022-12-15T20:22:43 IST" name="GenerateExtentReports" finished-at="2022-12-15T20:22:51 IST" duration-ms="8031" status="PASS">
          <reporter-output>
          </reporter-output>
        </test-method> <!-- GenerateExtentReports -->
      </class> <!-- com.test.extentreport.ExtentReportIntegration -->
    </test> <!-- Test OrangeHRM  -->
  </suite> <!-- Suite -->
</testng-results>
